Performing C SOURCE FILE Test CMAKE_HAVE_LIBC_PTHREAD failed with the following output:
Change Dir: /home/subho/catkin_w_s/src/dd_stl_stt/build/CMakeFiles/CMakeTmp

Run Build Command(s):/usr/bin/ninja cmTC_cd309 && [1/2] Building C object CMakeFiles/cmTC_cd309.dir/src.c.o
[2/2] Linking C executable cmTC_cd309
FAILED: cmTC_cd309 
: && /usr/lib/ccache/cc -DCMAKE_HAVE_LIBC_PTHREAD  -rdynamic CMakeFiles/cmTC_cd309.dir/src.c.o  -o cmTC_cd309   && :
/usr/bin/ld: CMakeFiles/cmTC_cd309.dir/src.c.o: in function `main':
src.c:(.text+0x48): undefined reference to `pthread_create'
/usr/bin/ld: src.c:(.text+0x50): undefined reference to `pthread_detach'
/usr/bin/ld: src.c:(.text+0x5c): undefined reference to `pthread_join'
collect2: error: ld returned 1 exit status
ninja: build stopped: subcommand failed.


Source file was:
#include <pthread.h>

void* test_func(void* data)
{
  return data;
}

int main(void)
{
  pthread_t thread;
  pthread_create(&thread, NULL, test_func, NULL);
  pthread_detach(thread);
  pthread_join(thread, NULL);
  pthread_atfork(NULL, NULL, NULL);
  pthread_exit(NULL);

  return 0;
}

Determining if the function pthread_create exists in the pthreads failed with the following output:
Change Dir: /home/subho/catkin_w_s/src/dd_stl_stt/build/CMakeFiles/CMakeTmp

Run Build Command(s):/usr/bin/ninja cmTC_b1eb4 && [1/2] Building C object CMakeFiles/cmTC_b1eb4.dir/CheckFunctionExists.c.o
[2/2] Linking C executable cmTC_b1eb4
FAILED: cmTC_b1eb4 
: && /usr/lib/ccache/cc -DCHECK_FUNCTION_EXISTS=pthread_create  -rdynamic CMakeFiles/cmTC_b1eb4.dir/CheckFunctionExists.c.o  -o cmTC_b1eb4  -lpthreads && :
/usr/bin/ld: cannot find -lpthreads
collect2: error: ld returned 1 exit status
ninja: build stopped: subcommand failed.



Performing C SOURCE FILE Test CMAKE_HAVE_LIBC_PTHREAD failed with the following output:
Change Dir: /home/subho/catkin_w_s/src/dd_stl_stt/build/CMakeFiles/CMakeTmp

Run Build Command(s):/usr/bin/make cmTC_09256/fast && /usr/bin/make -f CMakeFiles/cmTC_09256.dir/build.make CMakeFiles/cmTC_09256.dir/build
make[1]: Entering directory '/home/subho/catkin_w_s/src/dd_stl_stt/build/CMakeFiles/CMakeTmp'
Building C object CMakeFiles/cmTC_09256.dir/src.c.o
/usr/lib/ccache/cc   -DCMAKE_HAVE_LIBC_PTHREAD   -o CMakeFiles/cmTC_09256.dir/src.c.o   -c /home/subho/catkin_w_s/src/dd_stl_stt/build/CMakeFiles/CMakeTmp/src.c
Linking C executable cmTC_09256
/usr/bin/cmake -E cmake_link_script CMakeFiles/cmTC_09256.dir/link.txt --verbose=1
/usr/lib/ccache/cc  -DCMAKE_HAVE_LIBC_PTHREAD    -rdynamic CMakeFiles/cmTC_09256.dir/src.c.o  -o cmTC_09256 
/usr/bin/ld: CMakeFiles/cmTC_09256.dir/src.c.o: in function `main':
src.c:(.text+0x48): undefined reference to `pthread_create'
/usr/bin/ld: src.c:(.text+0x50): undefined reference to `pthread_detach'
/usr/bin/ld: src.c:(.text+0x5c): undefined reference to `pthread_join'
collect2: error: ld returned 1 exit status
make[1]: *** [CMakeFiles/cmTC_09256.dir/build.make:87: cmTC_09256] Error 1
make[1]: Leaving directory '/home/subho/catkin_w_s/src/dd_stl_stt/build/CMakeFiles/CMakeTmp'
make: *** [Makefile:121: cmTC_09256/fast] Error 2


Source file was:
#include <pthread.h>

void* test_func(void* data)
{
  return data;
}

int main(void)
{
  pthread_t thread;
  pthread_create(&thread, NULL, test_func, NULL);
  pthread_detach(thread);
  pthread_join(thread, NULL);
  pthread_atfork(NULL, NULL, NULL);
  pthread_exit(NULL);

  return 0;
}

Determining if the function pthread_create exists in the pthreads failed with the following output:
Change Dir: /home/subho/catkin_w_s/src/dd_stl_stt/build/CMakeFiles/CMakeTmp

Run Build Command(s):/usr/bin/make cmTC_ace30/fast && /usr/bin/make -f CMakeFiles/cmTC_ace30.dir/build.make CMakeFiles/cmTC_ace30.dir/build
make[1]: Entering directory '/home/subho/catkin_w_s/src/dd_stl_stt/build/CMakeFiles/CMakeTmp'
Building C object CMakeFiles/cmTC_ace30.dir/CheckFunctionExists.c.o
/usr/lib/ccache/cc   -DCHECK_FUNCTION_EXISTS=pthread_create   -o CMakeFiles/cmTC_ace30.dir/CheckFunctionExists.c.o   -c /usr/share/cmake-3.16/Modules/CheckFunctionExists.c
Linking C executable cmTC_ace30
/usr/bin/cmake -E cmake_link_script CMakeFiles/cmTC_ace30.dir/link.txt --verbose=1
/usr/lib/ccache/cc  -DCHECK_FUNCTION_EXISTS=pthread_create    -rdynamic CMakeFiles/cmTC_ace30.dir/CheckFunctionExists.c.o  -o cmTC_ace30  -lpthreads 
/usr/bin/ld: cannot find -lpthreads
collect2: error: ld returned 1 exit status
make[1]: *** [CMakeFiles/cmTC_ace30.dir/build.make:87: cmTC_ace30] Error 1
make[1]: Leaving directory '/home/subho/catkin_w_s/src/dd_stl_stt/build/CMakeFiles/CMakeTmp'
make: *** [Makefile:121: cmTC_ace30/fast] Error 2



Performing C SOURCE FILE Test CMAKE_HAVE_LIBC_PTHREAD failed with the following output:
Change Dir: /home/subho/catkin_w_s/src/dd_stl_stt/build/CMakeFiles/CMakeTmp

Run Build Command(s):/usr/bin/make cmTC_ac6a3/fast && /usr/bin/make -f CMakeFiles/cmTC_ac6a3.dir/build.make CMakeFiles/cmTC_ac6a3.dir/build
make[1]: Entering directory '/home/subho/catkin_w_s/src/dd_stl_stt/build/CMakeFiles/CMakeTmp'
Building C object CMakeFiles/cmTC_ac6a3.dir/src.c.o
/usr/lib/ccache/cc   -DCMAKE_HAVE_LIBC_PTHREAD   -o CMakeFiles/cmTC_ac6a3.dir/src.c.o   -c /home/subho/catkin_w_s/src/dd_stl_stt/build/CMakeFiles/CMakeTmp/src.c
Linking C executable cmTC_ac6a3
/usr/bin/cmake -E cmake_link_script CMakeFiles/cmTC_ac6a3.dir/link.txt --verbose=1
/usr/lib/ccache/cc  -DCMAKE_HAVE_LIBC_PTHREAD    -rdynamic CMakeFiles/cmTC_ac6a3.dir/src.c.o  -o cmTC_ac6a3 
/usr/bin/ld: CMakeFiles/cmTC_ac6a3.dir/src.c.o: in function `main':
src.c:(.text+0x48): undefined reference to `pthread_create'
/usr/bin/ld: src.c:(.text+0x50): undefined reference to `pthread_detach'
/usr/bin/ld: src.c:(.text+0x5c): undefined reference to `pthread_join'
collect2: error: ld returned 1 exit status
make[1]: *** [CMakeFiles/cmTC_ac6a3.dir/build.make:87: cmTC_ac6a3] Error 1
make[1]: Leaving directory '/home/subho/catkin_w_s/src/dd_stl_stt/build/CMakeFiles/CMakeTmp'
make: *** [Makefile:121: cmTC_ac6a3/fast] Error 2


Source file was:
#include <pthread.h>

void* test_func(void* data)
{
  return data;
}

int main(void)
{
  pthread_t thread;
  pthread_create(&thread, NULL, test_func, NULL);
  pthread_detach(thread);
  pthread_join(thread, NULL);
  pthread_atfork(NULL, NULL, NULL);
  pthread_exit(NULL);

  return 0;
}

Determining if the function pthread_create exists in the pthreads failed with the following output:
Change Dir: /home/subho/catkin_w_s/src/dd_stl_stt/build/CMakeFiles/CMakeTmp

Run Build Command(s):/usr/bin/make cmTC_3bc9c/fast && /usr/bin/make -f CMakeFiles/cmTC_3bc9c.dir/build.make CMakeFiles/cmTC_3bc9c.dir/build
make[1]: Entering directory '/home/subho/catkin_w_s/src/dd_stl_stt/build/CMakeFiles/CMakeTmp'
Building C object CMakeFiles/cmTC_3bc9c.dir/CheckFunctionExists.c.o
/usr/lib/ccache/cc   -DCHECK_FUNCTION_EXISTS=pthread_create   -o CMakeFiles/cmTC_3bc9c.dir/CheckFunctionExists.c.o   -c /usr/share/cmake-3.16/Modules/CheckFunctionExists.c
Linking C executable cmTC_3bc9c
/usr/bin/cmake -E cmake_link_script CMakeFiles/cmTC_3bc9c.dir/link.txt --verbose=1
/usr/lib/ccache/cc  -DCHECK_FUNCTION_EXISTS=pthread_create    -rdynamic CMakeFiles/cmTC_3bc9c.dir/CheckFunctionExists.c.o  -o cmTC_3bc9c  -lpthreads 
/usr/bin/ld: cannot find -lpthreads
collect2: error: ld returned 1 exit status
make[1]: *** [CMakeFiles/cmTC_3bc9c.dir/build.make:87: cmTC_3bc9c] Error 1
make[1]: Leaving directory '/home/subho/catkin_w_s/src/dd_stl_stt/build/CMakeFiles/CMakeTmp'
make: *** [Makefile:121: cmTC_3bc9c/fast] Error 2



Performing C SOURCE FILE Test CMAKE_HAVE_LIBC_PTHREAD failed with the following output:
Change Dir: /home/subho/catkin_w_s/src/dd_stl_stt/build/CMakeFiles/CMakeTmp

Run Build Command(s):/usr/bin/make cmTC_322b0/fast && /usr/bin/make -f CMakeFiles/cmTC_322b0.dir/build.make CMakeFiles/cmTC_322b0.dir/build
make[1]: Entering directory '/home/subho/catkin_w_s/src/dd_stl_stt/build/CMakeFiles/CMakeTmp'
Building C object CMakeFiles/cmTC_322b0.dir/src.c.o
/usr/lib/ccache/cc   -DCMAKE_HAVE_LIBC_PTHREAD   -o CMakeFiles/cmTC_322b0.dir/src.c.o   -c /home/subho/catkin_w_s/src/dd_stl_stt/build/CMakeFiles/CMakeTmp/src.c
Linking C executable cmTC_322b0
/usr/bin/cmake -E cmake_link_script CMakeFiles/cmTC_322b0.dir/link.txt --verbose=1
/usr/lib/ccache/cc  -DCMAKE_HAVE_LIBC_PTHREAD    -rdynamic CMakeFiles/cmTC_322b0.dir/src.c.o  -o cmTC_322b0 
/usr/bin/ld: CMakeFiles/cmTC_322b0.dir/src.c.o: in function `main':
src.c:(.text+0x48): undefined reference to `pthread_create'
/usr/bin/ld: src.c:(.text+0x50): undefined reference to `pthread_detach'
/usr/bin/ld: src.c:(.text+0x5c): undefined reference to `pthread_join'
collect2: error: ld returned 1 exit status
make[1]: *** [CMakeFiles/cmTC_322b0.dir/build.make:87: cmTC_322b0] Error 1
make[1]: Leaving directory '/home/subho/catkin_w_s/src/dd_stl_stt/build/CMakeFiles/CMakeTmp'
make: *** [Makefile:121: cmTC_322b0/fast] Error 2


Source file was:
#include <pthread.h>

void* test_func(void* data)
{
  return data;
}

int main(void)
{
  pthread_t thread;
  pthread_create(&thread, NULL, test_func, NULL);
  pthread_detach(thread);
  pthread_join(thread, NULL);
  pthread_atfork(NULL, NULL, NULL);
  pthread_exit(NULL);

  return 0;
}

Determining if the function pthread_create exists in the pthreads failed with the following output:
Change Dir: /home/subho/catkin_w_s/src/dd_stl_stt/build/CMakeFiles/CMakeTmp

Run Build Command(s):/usr/bin/make cmTC_c19b1/fast && /usr/bin/make -f CMakeFiles/cmTC_c19b1.dir/build.make CMakeFiles/cmTC_c19b1.dir/build
make[1]: Entering directory '/home/subho/catkin_w_s/src/dd_stl_stt/build/CMakeFiles/CMakeTmp'
Building C object CMakeFiles/cmTC_c19b1.dir/CheckFunctionExists.c.o
/usr/lib/ccache/cc   -DCHECK_FUNCTION_EXISTS=pthread_create   -o CMakeFiles/cmTC_c19b1.dir/CheckFunctionExists.c.o   -c /usr/share/cmake-3.16/Modules/CheckFunctionExists.c
Linking C executable cmTC_c19b1
/usr/bin/cmake -E cmake_link_script CMakeFiles/cmTC_c19b1.dir/link.txt --verbose=1
/usr/lib/ccache/cc  -DCHECK_FUNCTION_EXISTS=pthread_create    -rdynamic CMakeFiles/cmTC_c19b1.dir/CheckFunctionExists.c.o  -o cmTC_c19b1  -lpthreads 
/usr/bin/ld: cannot find -lpthreads
collect2: error: ld returned 1 exit status
make[1]: *** [CMakeFiles/cmTC_c19b1.dir/build.make:87: cmTC_c19b1] Error 1
make[1]: Leaving directory '/home/subho/catkin_w_s/src/dd_stl_stt/build/CMakeFiles/CMakeTmp'
make: *** [Makefile:121: cmTC_c19b1/fast] Error 2



Performing C SOURCE FILE Test CMAKE_HAVE_LIBC_PTHREAD failed with the following output:
Change Dir: /home/subho/catkin_w_s/src/dd_stl_stt/build/CMakeFiles/CMakeTmp

Run Build Command(s):/usr/bin/make cmTC_5d749/fast && /usr/bin/make -f CMakeFiles/cmTC_5d749.dir/build.make CMakeFiles/cmTC_5d749.dir/build
make[1]: Entering directory '/home/subho/catkin_w_s/src/dd_stl_stt/build/CMakeFiles/CMakeTmp'
Building C object CMakeFiles/cmTC_5d749.dir/src.c.o
/usr/lib/ccache/cc   -DCMAKE_HAVE_LIBC_PTHREAD   -o CMakeFiles/cmTC_5d749.dir/src.c.o   -c /home/subho/catkin_w_s/src/dd_stl_stt/build/CMakeFiles/CMakeTmp/src.c
Linking C executable cmTC_5d749
/usr/bin/cmake -E cmake_link_script CMakeFiles/cmTC_5d749.dir/link.txt --verbose=1
/usr/lib/ccache/cc  -DCMAKE_HAVE_LIBC_PTHREAD    -rdynamic CMakeFiles/cmTC_5d749.dir/src.c.o  -o cmTC_5d749 
/usr/bin/ld: CMakeFiles/cmTC_5d749.dir/src.c.o: in function `main':
src.c:(.text+0x48): undefined reference to `pthread_create'
/usr/bin/ld: src.c:(.text+0x50): undefined reference to `pthread_detach'
/usr/bin/ld: src.c:(.text+0x5c): undefined reference to `pthread_join'
collect2: error: ld returned 1 exit status
make[1]: *** [CMakeFiles/cmTC_5d749.dir/build.make:87: cmTC_5d749] Error 1
make[1]: Leaving directory '/home/subho/catkin_w_s/src/dd_stl_stt/build/CMakeFiles/CMakeTmp'
make: *** [Makefile:121: cmTC_5d749/fast] Error 2


Source file was:
#include <pthread.h>

void* test_func(void* data)
{
  return data;
}

int main(void)
{
  pthread_t thread;
  pthread_create(&thread, NULL, test_func, NULL);
  pthread_detach(thread);
  pthread_join(thread, NULL);
  pthread_atfork(NULL, NULL, NULL);
  pthread_exit(NULL);

  return 0;
}

Determining if the function pthread_create exists in the pthreads failed with the following output:
Change Dir: /home/subho/catkin_w_s/src/dd_stl_stt/build/CMakeFiles/CMakeTmp

Run Build Command(s):/usr/bin/make cmTC_df28a/fast && /usr/bin/make -f CMakeFiles/cmTC_df28a.dir/build.make CMakeFiles/cmTC_df28a.dir/build
make[1]: Entering directory '/home/subho/catkin_w_s/src/dd_stl_stt/build/CMakeFiles/CMakeTmp'
Building C object CMakeFiles/cmTC_df28a.dir/CheckFunctionExists.c.o
/usr/lib/ccache/cc   -DCHECK_FUNCTION_EXISTS=pthread_create   -o CMakeFiles/cmTC_df28a.dir/CheckFunctionExists.c.o   -c /usr/share/cmake-3.16/Modules/CheckFunctionExists.c
Linking C executable cmTC_df28a
/usr/bin/cmake -E cmake_link_script CMakeFiles/cmTC_df28a.dir/link.txt --verbose=1
/usr/lib/ccache/cc  -DCHECK_FUNCTION_EXISTS=pthread_create    -rdynamic CMakeFiles/cmTC_df28a.dir/CheckFunctionExists.c.o  -o cmTC_df28a  -lpthreads 
/usr/bin/ld: cannot find -lpthreads
collect2: error: ld returned 1 exit status
make[1]: *** [CMakeFiles/cmTC_df28a.dir/build.make:87: cmTC_df28a] Error 1
make[1]: Leaving directory '/home/subho/catkin_w_s/src/dd_stl_stt/build/CMakeFiles/CMakeTmp'
make: *** [Makefile:121: cmTC_df28a/fast] Error 2



Performing C SOURCE FILE Test CMAKE_HAVE_LIBC_PTHREAD failed with the following output:
Change Dir: /home/subho/catkin_w_s/src/dd_stl_stt/build/CMakeFiles/CMakeTmp

Run Build Command(s):/usr/bin/make cmTC_a6767/fast && /usr/bin/make -f CMakeFiles/cmTC_a6767.dir/build.make CMakeFiles/cmTC_a6767.dir/build
make[1]: Entering directory '/home/subho/catkin_w_s/src/dd_stl_stt/build/CMakeFiles/CMakeTmp'
Building C object CMakeFiles/cmTC_a6767.dir/src.c.o
/usr/lib/ccache/cc   -DCMAKE_HAVE_LIBC_PTHREAD   -o CMakeFiles/cmTC_a6767.dir/src.c.o   -c /home/subho/catkin_w_s/src/dd_stl_stt/build/CMakeFiles/CMakeTmp/src.c
Linking C executable cmTC_a6767
/usr/bin/cmake -E cmake_link_script CMakeFiles/cmTC_a6767.dir/link.txt --verbose=1
/usr/lib/ccache/cc  -DCMAKE_HAVE_LIBC_PTHREAD    -rdynamic CMakeFiles/cmTC_a6767.dir/src.c.o  -o cmTC_a6767 
/usr/bin/ld: CMakeFiles/cmTC_a6767.dir/src.c.o: in function `main':
src.c:(.text+0x48): undefined reference to `pthread_create'
/usr/bin/ld: src.c:(.text+0x50): undefined reference to `pthread_detach'
/usr/bin/ld: src.c:(.text+0x5c): undefined reference to `pthread_join'
collect2: error: ld returned 1 exit status
make[1]: *** [CMakeFiles/cmTC_a6767.dir/build.make:87: cmTC_a6767] Error 1
make[1]: Leaving directory '/home/subho/catkin_w_s/src/dd_stl_stt/build/CMakeFiles/CMakeTmp'
make: *** [Makefile:121: cmTC_a6767/fast] Error 2


Source file was:
#include <pthread.h>

void* test_func(void* data)
{
  return data;
}

int main(void)
{
  pthread_t thread;
  pthread_create(&thread, NULL, test_func, NULL);
  pthread_detach(thread);
  pthread_join(thread, NULL);
  pthread_atfork(NULL, NULL, NULL);
  pthread_exit(NULL);

  return 0;
}

Determining if the function pthread_create exists in the pthreads failed with the following output:
Change Dir: /home/subho/catkin_w_s/src/dd_stl_stt/build/CMakeFiles/CMakeTmp

Run Build Command(s):/usr/bin/make cmTC_c42de/fast && /usr/bin/make -f CMakeFiles/cmTC_c42de.dir/build.make CMakeFiles/cmTC_c42de.dir/build
make[1]: Entering directory '/home/subho/catkin_w_s/src/dd_stl_stt/build/CMakeFiles/CMakeTmp'
Building C object CMakeFiles/cmTC_c42de.dir/CheckFunctionExists.c.o
/usr/lib/ccache/cc   -DCHECK_FUNCTION_EXISTS=pthread_create   -o CMakeFiles/cmTC_c42de.dir/CheckFunctionExists.c.o   -c /usr/share/cmake-3.16/Modules/CheckFunctionExists.c
Linking C executable cmTC_c42de
/usr/bin/cmake -E cmake_link_script CMakeFiles/cmTC_c42de.dir/link.txt --verbose=1
/usr/lib/ccache/cc  -DCHECK_FUNCTION_EXISTS=pthread_create    -rdynamic CMakeFiles/cmTC_c42de.dir/CheckFunctionExists.c.o  -o cmTC_c42de  -lpthreads 
/usr/bin/ld: cannot find -lpthreads
collect2: error: ld returned 1 exit status
make[1]: *** [CMakeFiles/cmTC_c42de.dir/build.make:87: cmTC_c42de] Error 1
make[1]: Leaving directory '/home/subho/catkin_w_s/src/dd_stl_stt/build/CMakeFiles/CMakeTmp'
make: *** [Makefile:121: cmTC_c42de/fast] Error 2



Performing C SOURCE FILE Test CMAKE_HAVE_LIBC_PTHREAD failed with the following output:
Change Dir: /home/subho/catkin_w_s/src/dd_stl_stt/build/CMakeFiles/CMakeTmp

Run Build Command(s):/usr/bin/make cmTC_482b5/fast && /usr/bin/make -f CMakeFiles/cmTC_482b5.dir/build.make CMakeFiles/cmTC_482b5.dir/build
make[1]: Entering directory '/home/subho/catkin_w_s/src/dd_stl_stt/build/CMakeFiles/CMakeTmp'
Building C object CMakeFiles/cmTC_482b5.dir/src.c.o
/usr/lib/ccache/cc   -DCMAKE_HAVE_LIBC_PTHREAD   -o CMakeFiles/cmTC_482b5.dir/src.c.o   -c /home/subho/catkin_w_s/src/dd_stl_stt/build/CMakeFiles/CMakeTmp/src.c
Linking C executable cmTC_482b5
/usr/bin/cmake -E cmake_link_script CMakeFiles/cmTC_482b5.dir/link.txt --verbose=1
/usr/lib/ccache/cc  -DCMAKE_HAVE_LIBC_PTHREAD    -rdynamic CMakeFiles/cmTC_482b5.dir/src.c.o  -o cmTC_482b5 
/usr/bin/ld: CMakeFiles/cmTC_482b5.dir/src.c.o: in function `main':
src.c:(.text+0x48): undefined reference to `pthread_create'
/usr/bin/ld: src.c:(.text+0x50): undefined reference to `pthread_detach'
/usr/bin/ld: src.c:(.text+0x5c): undefined reference to `pthread_join'
collect2: error: ld returned 1 exit status
make[1]: *** [CMakeFiles/cmTC_482b5.dir/build.make:87: cmTC_482b5] Error 1
make[1]: Leaving directory '/home/subho/catkin_w_s/src/dd_stl_stt/build/CMakeFiles/CMakeTmp'
make: *** [Makefile:121: cmTC_482b5/fast] Error 2


Source file was:
#include <pthread.h>

void* test_func(void* data)
{
  return data;
}

int main(void)
{
  pthread_t thread;
  pthread_create(&thread, NULL, test_func, NULL);
  pthread_detach(thread);
  pthread_join(thread, NULL);
  pthread_atfork(NULL, NULL, NULL);
  pthread_exit(NULL);

  return 0;
}

Determining if the function pthread_create exists in the pthreads failed with the following output:
Change Dir: /home/subho/catkin_w_s/src/dd_stl_stt/build/CMakeFiles/CMakeTmp

Run Build Command(s):/usr/bin/make cmTC_2a2dc/fast && /usr/bin/make -f CMakeFiles/cmTC_2a2dc.dir/build.make CMakeFiles/cmTC_2a2dc.dir/build
make[1]: Entering directory '/home/subho/catkin_w_s/src/dd_stl_stt/build/CMakeFiles/CMakeTmp'
Building C object CMakeFiles/cmTC_2a2dc.dir/CheckFunctionExists.c.o
/usr/lib/ccache/cc   -DCHECK_FUNCTION_EXISTS=pthread_create   -o CMakeFiles/cmTC_2a2dc.dir/CheckFunctionExists.c.o   -c /usr/share/cmake-3.16/Modules/CheckFunctionExists.c
Linking C executable cmTC_2a2dc
/usr/bin/cmake -E cmake_link_script CMakeFiles/cmTC_2a2dc.dir/link.txt --verbose=1
/usr/lib/ccache/cc  -DCHECK_FUNCTION_EXISTS=pthread_create    -rdynamic CMakeFiles/cmTC_2a2dc.dir/CheckFunctionExists.c.o  -o cmTC_2a2dc  -lpthreads 
/usr/bin/ld: cannot find -lpthreads
collect2: error: ld returned 1 exit status
make[1]: *** [CMakeFiles/cmTC_2a2dc.dir/build.make:87: cmTC_2a2dc] Error 1
make[1]: Leaving directory '/home/subho/catkin_w_s/src/dd_stl_stt/build/CMakeFiles/CMakeTmp'
make: *** [Makefile:121: cmTC_2a2dc/fast] Error 2



Performing C SOURCE FILE Test CMAKE_HAVE_LIBC_PTHREAD failed with the following output:
Change Dir: /home/subho/catkin_w_s/src/dd_stl_stt/build/CMakeFiles/CMakeTmp

Run Build Command(s):/usr/bin/make cmTC_580a7/fast && /usr/bin/make -f CMakeFiles/cmTC_580a7.dir/build.make CMakeFiles/cmTC_580a7.dir/build
make[1]: Entering directory '/home/subho/catkin_w_s/src/dd_stl_stt/build/CMakeFiles/CMakeTmp'
Building C object CMakeFiles/cmTC_580a7.dir/src.c.o
/usr/lib/ccache/cc   -DCMAKE_HAVE_LIBC_PTHREAD   -o CMakeFiles/cmTC_580a7.dir/src.c.o   -c /home/subho/catkin_w_s/src/dd_stl_stt/build/CMakeFiles/CMakeTmp/src.c
Linking C executable cmTC_580a7
/usr/bin/cmake -E cmake_link_script CMakeFiles/cmTC_580a7.dir/link.txt --verbose=1
/usr/lib/ccache/cc  -DCMAKE_HAVE_LIBC_PTHREAD    -rdynamic CMakeFiles/cmTC_580a7.dir/src.c.o  -o cmTC_580a7 
/usr/bin/ld: CMakeFiles/cmTC_580a7.dir/src.c.o: in function `main':
src.c:(.text+0x48): undefined reference to `pthread_create'
/usr/bin/ld: src.c:(.text+0x50): undefined reference to `pthread_detach'
/usr/bin/ld: src.c:(.text+0x5c): undefined reference to `pthread_join'
collect2: error: ld returned 1 exit status
make[1]: *** [CMakeFiles/cmTC_580a7.dir/build.make:87: cmTC_580a7] Error 1
make[1]: Leaving directory '/home/subho/catkin_w_s/src/dd_stl_stt/build/CMakeFiles/CMakeTmp'
make: *** [Makefile:121: cmTC_580a7/fast] Error 2


Source file was:
#include <pthread.h>

void* test_func(void* data)
{
  return data;
}

int main(void)
{
  pthread_t thread;
  pthread_create(&thread, NULL, test_func, NULL);
  pthread_detach(thread);
  pthread_join(thread, NULL);
  pthread_atfork(NULL, NULL, NULL);
  pthread_exit(NULL);

  return 0;
}

Determining if the function pthread_create exists in the pthreads failed with the following output:
Change Dir: /home/subho/catkin_w_s/src/dd_stl_stt/build/CMakeFiles/CMakeTmp

Run Build Command(s):/usr/bin/make cmTC_76472/fast && /usr/bin/make -f CMakeFiles/cmTC_76472.dir/build.make CMakeFiles/cmTC_76472.dir/build
make[1]: Entering directory '/home/subho/catkin_w_s/src/dd_stl_stt/build/CMakeFiles/CMakeTmp'
Building C object CMakeFiles/cmTC_76472.dir/CheckFunctionExists.c.o
/usr/lib/ccache/cc   -DCHECK_FUNCTION_EXISTS=pthread_create   -o CMakeFiles/cmTC_76472.dir/CheckFunctionExists.c.o   -c /usr/share/cmake-3.16/Modules/CheckFunctionExists.c
Linking C executable cmTC_76472
/usr/bin/cmake -E cmake_link_script CMakeFiles/cmTC_76472.dir/link.txt --verbose=1
/usr/lib/ccache/cc  -DCHECK_FUNCTION_EXISTS=pthread_create    -rdynamic CMakeFiles/cmTC_76472.dir/CheckFunctionExists.c.o  -o cmTC_76472  -lpthreads 
/usr/bin/ld: cannot find -lpthreads
collect2: error: ld returned 1 exit status
make[1]: *** [CMakeFiles/cmTC_76472.dir/build.make:87: cmTC_76472] Error 1
make[1]: Leaving directory '/home/subho/catkin_w_s/src/dd_stl_stt/build/CMakeFiles/CMakeTmp'
make: *** [Makefile:121: cmTC_76472/fast] Error 2



Performing C SOURCE FILE Test CMAKE_HAVE_LIBC_PTHREAD failed with the following output:
Change Dir: /home/subho/catkin_w_s/src/dd_stl_stt/build/CMakeFiles/CMakeTmp

Run Build Command(s):/usr/bin/make cmTC_05486/fast && /usr/bin/make -f CMakeFiles/cmTC_05486.dir/build.make CMakeFiles/cmTC_05486.dir/build
make[1]: Entering directory '/home/subho/catkin_w_s/src/dd_stl_stt/build/CMakeFiles/CMakeTmp'
Building C object CMakeFiles/cmTC_05486.dir/src.c.o
/usr/lib/ccache/cc   -DCMAKE_HAVE_LIBC_PTHREAD   -o CMakeFiles/cmTC_05486.dir/src.c.o   -c /home/subho/catkin_w_s/src/dd_stl_stt/build/CMakeFiles/CMakeTmp/src.c
Linking C executable cmTC_05486
/usr/bin/cmake -E cmake_link_script CMakeFiles/cmTC_05486.dir/link.txt --verbose=1
/usr/lib/ccache/cc  -DCMAKE_HAVE_LIBC_PTHREAD    -rdynamic CMakeFiles/cmTC_05486.dir/src.c.o  -o cmTC_05486 
/usr/bin/ld: CMakeFiles/cmTC_05486.dir/src.c.o: in function `main':
src.c:(.text+0x48): undefined reference to `pthread_create'
/usr/bin/ld: src.c:(.text+0x50): undefined reference to `pthread_detach'
/usr/bin/ld: src.c:(.text+0x5c): undefined reference to `pthread_join'
collect2: error: ld returned 1 exit status
make[1]: *** [CMakeFiles/cmTC_05486.dir/build.make:87: cmTC_05486] Error 1
make[1]: Leaving directory '/home/subho/catkin_w_s/src/dd_stl_stt/build/CMakeFiles/CMakeTmp'
make: *** [Makefile:121: cmTC_05486/fast] Error 2


Source file was:
#include <pthread.h>

void* test_func(void* data)
{
  return data;
}

int main(void)
{
  pthread_t thread;
  pthread_create(&thread, NULL, test_func, NULL);
  pthread_detach(thread);
  pthread_join(thread, NULL);
  pthread_atfork(NULL, NULL, NULL);
  pthread_exit(NULL);

  return 0;
}

Determining if the function pthread_create exists in the pthreads failed with the following output:
Change Dir: /home/subho/catkin_w_s/src/dd_stl_stt/build/CMakeFiles/CMakeTmp

Run Build Command(s):/usr/bin/make cmTC_aae55/fast && /usr/bin/make -f CMakeFiles/cmTC_aae55.dir/build.make CMakeFiles/cmTC_aae55.dir/build
make[1]: Entering directory '/home/subho/catkin_w_s/src/dd_stl_stt/build/CMakeFiles/CMakeTmp'
Building C object CMakeFiles/cmTC_aae55.dir/CheckFunctionExists.c.o
/usr/lib/ccache/cc   -DCHECK_FUNCTION_EXISTS=pthread_create   -o CMakeFiles/cmTC_aae55.dir/CheckFunctionExists.c.o   -c /usr/share/cmake-3.16/Modules/CheckFunctionExists.c
Linking C executable cmTC_aae55
/usr/bin/cmake -E cmake_link_script CMakeFiles/cmTC_aae55.dir/link.txt --verbose=1
/usr/lib/ccache/cc  -DCHECK_FUNCTION_EXISTS=pthread_create    -rdynamic CMakeFiles/cmTC_aae55.dir/CheckFunctionExists.c.o  -o cmTC_aae55  -lpthreads 
/usr/bin/ld: cannot find -lpthreads
collect2: error: ld returned 1 exit status
make[1]: *** [CMakeFiles/cmTC_aae55.dir/build.make:87: cmTC_aae55] Error 1
make[1]: Leaving directory '/home/subho/catkin_w_s/src/dd_stl_stt/build/CMakeFiles/CMakeTmp'
make: *** [Makefile:121: cmTC_aae55/fast] Error 2



Performing C SOURCE FILE Test CMAKE_HAVE_LIBC_PTHREAD failed with the following output:
Change Dir: /home/subho/catkin_w_s/src/dd_stl_stt/build/CMakeFiles/CMakeTmp

Run Build Command(s):/usr/bin/make cmTC_43b1b/fast && /usr/bin/make -f CMakeFiles/cmTC_43b1b.dir/build.make CMakeFiles/cmTC_43b1b.dir/build
make[1]: Entering directory '/home/subho/catkin_w_s/src/dd_stl_stt/build/CMakeFiles/CMakeTmp'
Building C object CMakeFiles/cmTC_43b1b.dir/src.c.o
/usr/lib/ccache/cc   -DCMAKE_HAVE_LIBC_PTHREAD   -o CMakeFiles/cmTC_43b1b.dir/src.c.o   -c /home/subho/catkin_w_s/src/dd_stl_stt/build/CMakeFiles/CMakeTmp/src.c
Linking C executable cmTC_43b1b
/usr/bin/cmake -E cmake_link_script CMakeFiles/cmTC_43b1b.dir/link.txt --verbose=1
/usr/lib/ccache/cc  -DCMAKE_HAVE_LIBC_PTHREAD    -rdynamic CMakeFiles/cmTC_43b1b.dir/src.c.o  -o cmTC_43b1b 
/usr/bin/ld: CMakeFiles/cmTC_43b1b.dir/src.c.o: in function `main':
src.c:(.text+0x48): undefined reference to `pthread_create'
/usr/bin/ld: src.c:(.text+0x50): undefined reference to `pthread_detach'
/usr/bin/ld: src.c:(.text+0x5c): undefined reference to `pthread_join'
collect2: error: ld returned 1 exit status
make[1]: *** [CMakeFiles/cmTC_43b1b.dir/build.make:87: cmTC_43b1b] Error 1
make[1]: Leaving directory '/home/subho/catkin_w_s/src/dd_stl_stt/build/CMakeFiles/CMakeTmp'
make: *** [Makefile:121: cmTC_43b1b/fast] Error 2


Source file was:
#include <pthread.h>

void* test_func(void* data)
{
  return data;
}

int main(void)
{
  pthread_t thread;
  pthread_create(&thread, NULL, test_func, NULL);
  pthread_detach(thread);
  pthread_join(thread, NULL);
  pthread_atfork(NULL, NULL, NULL);
  pthread_exit(NULL);

  return 0;
}

Determining if the function pthread_create exists in the pthreads failed with the following output:
Change Dir: /home/subho/catkin_w_s/src/dd_stl_stt/build/CMakeFiles/CMakeTmp

Run Build Command(s):/usr/bin/make cmTC_5e9f7/fast && /usr/bin/make -f CMakeFiles/cmTC_5e9f7.dir/build.make CMakeFiles/cmTC_5e9f7.dir/build
make[1]: Entering directory '/home/subho/catkin_w_s/src/dd_stl_stt/build/CMakeFiles/CMakeTmp'
Building C object CMakeFiles/cmTC_5e9f7.dir/CheckFunctionExists.c.o
/usr/lib/ccache/cc   -DCHECK_FUNCTION_EXISTS=pthread_create   -o CMakeFiles/cmTC_5e9f7.dir/CheckFunctionExists.c.o   -c /usr/share/cmake-3.16/Modules/CheckFunctionExists.c
Linking C executable cmTC_5e9f7
/usr/bin/cmake -E cmake_link_script CMakeFiles/cmTC_5e9f7.dir/link.txt --verbose=1
/usr/lib/ccache/cc  -DCHECK_FUNCTION_EXISTS=pthread_create    -rdynamic CMakeFiles/cmTC_5e9f7.dir/CheckFunctionExists.c.o  -o cmTC_5e9f7  -lpthreads 
/usr/bin/ld: cannot find -lpthreads
collect2: error: ld returned 1 exit status
make[1]: *** [CMakeFiles/cmTC_5e9f7.dir/build.make:87: cmTC_5e9f7] Error 1
make[1]: Leaving directory '/home/subho/catkin_w_s/src/dd_stl_stt/build/CMakeFiles/CMakeTmp'
make: *** [Makefile:121: cmTC_5e9f7/fast] Error 2



Performing C SOURCE FILE Test CMAKE_HAVE_LIBC_PTHREAD failed with the following output:
Change Dir: /home/subho/catkin_w_s/src/dd_stl_stt/build/CMakeFiles/CMakeTmp

Run Build Command(s):/usr/bin/make cmTC_faa33/fast && /usr/bin/make -f CMakeFiles/cmTC_faa33.dir/build.make CMakeFiles/cmTC_faa33.dir/build
make[1]: Entering directory '/home/subho/catkin_w_s/src/dd_stl_stt/build/CMakeFiles/CMakeTmp'
Building C object CMakeFiles/cmTC_faa33.dir/src.c.o
/usr/lib/ccache/cc   -DCMAKE_HAVE_LIBC_PTHREAD   -o CMakeFiles/cmTC_faa33.dir/src.c.o   -c /home/subho/catkin_w_s/src/dd_stl_stt/build/CMakeFiles/CMakeTmp/src.c
Linking C executable cmTC_faa33
/usr/bin/cmake -E cmake_link_script CMakeFiles/cmTC_faa33.dir/link.txt --verbose=1
/usr/lib/ccache/cc  -DCMAKE_HAVE_LIBC_PTHREAD    -rdynamic CMakeFiles/cmTC_faa33.dir/src.c.o  -o cmTC_faa33 
/usr/bin/ld: CMakeFiles/cmTC_faa33.dir/src.c.o: in function `main':
src.c:(.text+0x48): undefined reference to `pthread_create'
/usr/bin/ld: src.c:(.text+0x50): undefined reference to `pthread_detach'
/usr/bin/ld: src.c:(.text+0x5c): undefined reference to `pthread_join'
collect2: error: ld returned 1 exit status
make[1]: *** [CMakeFiles/cmTC_faa33.dir/build.make:87: cmTC_faa33] Error 1
make[1]: Leaving directory '/home/subho/catkin_w_s/src/dd_stl_stt/build/CMakeFiles/CMakeTmp'
make: *** [Makefile:121: cmTC_faa33/fast] Error 2


Source file was:
#include <pthread.h>

void* test_func(void* data)
{
  return data;
}

int main(void)
{
  pthread_t thread;
  pthread_create(&thread, NULL, test_func, NULL);
  pthread_detach(thread);
  pthread_join(thread, NULL);
  pthread_atfork(NULL, NULL, NULL);
  pthread_exit(NULL);

  return 0;
}

Determining if the function pthread_create exists in the pthreads failed with the following output:
Change Dir: /home/subho/catkin_w_s/src/dd_stl_stt/build/CMakeFiles/CMakeTmp

Run Build Command(s):/usr/bin/make cmTC_efc89/fast && /usr/bin/make -f CMakeFiles/cmTC_efc89.dir/build.make CMakeFiles/cmTC_efc89.dir/build
make[1]: Entering directory '/home/subho/catkin_w_s/src/dd_stl_stt/build/CMakeFiles/CMakeTmp'
Building C object CMakeFiles/cmTC_efc89.dir/CheckFunctionExists.c.o
/usr/lib/ccache/cc   -DCHECK_FUNCTION_EXISTS=pthread_create   -o CMakeFiles/cmTC_efc89.dir/CheckFunctionExists.c.o   -c /usr/share/cmake-3.16/Modules/CheckFunctionExists.c
Linking C executable cmTC_efc89
/usr/bin/cmake -E cmake_link_script CMakeFiles/cmTC_efc89.dir/link.txt --verbose=1
/usr/lib/ccache/cc  -DCHECK_FUNCTION_EXISTS=pthread_create    -rdynamic CMakeFiles/cmTC_efc89.dir/CheckFunctionExists.c.o  -o cmTC_efc89  -lpthreads 
/usr/bin/ld: cannot find -lpthreads
collect2: error: ld returned 1 exit status
make[1]: *** [CMakeFiles/cmTC_efc89.dir/build.make:87: cmTC_efc89] Error 1
make[1]: Leaving directory '/home/subho/catkin_w_s/src/dd_stl_stt/build/CMakeFiles/CMakeTmp'
make: *** [Makefile:121: cmTC_efc89/fast] Error 2



Performing C SOURCE FILE Test CMAKE_HAVE_LIBC_PTHREAD failed with the following output:
Change Dir: /home/subho/catkin_w_s/src/dd_stl_stt/build/CMakeFiles/CMakeTmp

Run Build Command(s):/usr/bin/make cmTC_9a225/fast && /usr/bin/make -f CMakeFiles/cmTC_9a225.dir/build.make CMakeFiles/cmTC_9a225.dir/build
make[1]: Entering directory '/home/subho/catkin_w_s/src/dd_stl_stt/build/CMakeFiles/CMakeTmp'
Building C object CMakeFiles/cmTC_9a225.dir/src.c.o
/usr/lib/ccache/cc   -DCMAKE_HAVE_LIBC_PTHREAD   -o CMakeFiles/cmTC_9a225.dir/src.c.o   -c /home/subho/catkin_w_s/src/dd_stl_stt/build/CMakeFiles/CMakeTmp/src.c
Linking C executable cmTC_9a225
/usr/bin/cmake -E cmake_link_script CMakeFiles/cmTC_9a225.dir/link.txt --verbose=1
/usr/lib/ccache/cc  -DCMAKE_HAVE_LIBC_PTHREAD    -rdynamic CMakeFiles/cmTC_9a225.dir/src.c.o  -o cmTC_9a225 
/usr/bin/ld: CMakeFiles/cmTC_9a225.dir/src.c.o: in function `main':
src.c:(.text+0x48): undefined reference to `pthread_create'
/usr/bin/ld: src.c:(.text+0x50): undefined reference to `pthread_detach'
/usr/bin/ld: src.c:(.text+0x5c): undefined reference to `pthread_join'
collect2: error: ld returned 1 exit status
make[1]: *** [CMakeFiles/cmTC_9a225.dir/build.make:87: cmTC_9a225] Error 1
make[1]: Leaving directory '/home/subho/catkin_w_s/src/dd_stl_stt/build/CMakeFiles/CMakeTmp'
make: *** [Makefile:121: cmTC_9a225/fast] Error 2


Source file was:
#include <pthread.h>

void* test_func(void* data)
{
  return data;
}

int main(void)
{
  pthread_t thread;
  pthread_create(&thread, NULL, test_func, NULL);
  pthread_detach(thread);
  pthread_join(thread, NULL);
  pthread_atfork(NULL, NULL, NULL);
  pthread_exit(NULL);

  return 0;
}

Determining if the function pthread_create exists in the pthreads failed with the following output:
Change Dir: /home/subho/catkin_w_s/src/dd_stl_stt/build/CMakeFiles/CMakeTmp

Run Build Command(s):/usr/bin/make cmTC_f4283/fast && /usr/bin/make -f CMakeFiles/cmTC_f4283.dir/build.make CMakeFiles/cmTC_f4283.dir/build
make[1]: Entering directory '/home/subho/catkin_w_s/src/dd_stl_stt/build/CMakeFiles/CMakeTmp'
Building C object CMakeFiles/cmTC_f4283.dir/CheckFunctionExists.c.o
/usr/lib/ccache/cc   -DCHECK_FUNCTION_EXISTS=pthread_create   -o CMakeFiles/cmTC_f4283.dir/CheckFunctionExists.c.o   -c /usr/share/cmake-3.16/Modules/CheckFunctionExists.c
Linking C executable cmTC_f4283
/usr/bin/cmake -E cmake_link_script CMakeFiles/cmTC_f4283.dir/link.txt --verbose=1
/usr/lib/ccache/cc  -DCHECK_FUNCTION_EXISTS=pthread_create    -rdynamic CMakeFiles/cmTC_f4283.dir/CheckFunctionExists.c.o  -o cmTC_f4283  -lpthreads 
/usr/bin/ld: cannot find -lpthreads
collect2: error: ld returned 1 exit status
make[1]: *** [CMakeFiles/cmTC_f4283.dir/build.make:87: cmTC_f4283] Error 1
make[1]: Leaving directory '/home/subho/catkin_w_s/src/dd_stl_stt/build/CMakeFiles/CMakeTmp'
make: *** [Makefile:121: cmTC_f4283/fast] Error 2



Performing C SOURCE FILE Test CMAKE_HAVE_LIBC_PTHREAD failed with the following output:
Change Dir: /home/subho/catkin_w_s/src/dd_stl_stt/build/CMakeFiles/CMakeTmp

Run Build Command(s):/usr/bin/make cmTC_1f13d/fast && /usr/bin/make -f CMakeFiles/cmTC_1f13d.dir/build.make CMakeFiles/cmTC_1f13d.dir/build
make[1]: Entering directory '/home/subho/catkin_w_s/src/dd_stl_stt/build/CMakeFiles/CMakeTmp'
Building C object CMakeFiles/cmTC_1f13d.dir/src.c.o
/usr/lib/ccache/cc   -DCMAKE_HAVE_LIBC_PTHREAD   -o CMakeFiles/cmTC_1f13d.dir/src.c.o   -c /home/subho/catkin_w_s/src/dd_stl_stt/build/CMakeFiles/CMakeTmp/src.c
Linking C executable cmTC_1f13d
/usr/bin/cmake -E cmake_link_script CMakeFiles/cmTC_1f13d.dir/link.txt --verbose=1
/usr/lib/ccache/cc  -DCMAKE_HAVE_LIBC_PTHREAD    -rdynamic CMakeFiles/cmTC_1f13d.dir/src.c.o  -o cmTC_1f13d 
/usr/bin/ld: CMakeFiles/cmTC_1f13d.dir/src.c.o: in function `main':
src.c:(.text+0x48): undefined reference to `pthread_create'
/usr/bin/ld: src.c:(.text+0x50): undefined reference to `pthread_detach'
/usr/bin/ld: src.c:(.text+0x5c): undefined reference to `pthread_join'
collect2: error: ld returned 1 exit status
make[1]: *** [CMakeFiles/cmTC_1f13d.dir/build.make:87: cmTC_1f13d] Error 1
make[1]: Leaving directory '/home/subho/catkin_w_s/src/dd_stl_stt/build/CMakeFiles/CMakeTmp'
make: *** [Makefile:121: cmTC_1f13d/fast] Error 2


Source file was:
#include <pthread.h>

void* test_func(void* data)
{
  return data;
}

int main(void)
{
  pthread_t thread;
  pthread_create(&thread, NULL, test_func, NULL);
  pthread_detach(thread);
  pthread_join(thread, NULL);
  pthread_atfork(NULL, NULL, NULL);
  pthread_exit(NULL);

  return 0;
}

Determining if the function pthread_create exists in the pthreads failed with the following output:
Change Dir: /home/subho/catkin_w_s/src/dd_stl_stt/build/CMakeFiles/CMakeTmp

Run Build Command(s):/usr/bin/make cmTC_6f6c3/fast && /usr/bin/make -f CMakeFiles/cmTC_6f6c3.dir/build.make CMakeFiles/cmTC_6f6c3.dir/build
make[1]: Entering directory '/home/subho/catkin_w_s/src/dd_stl_stt/build/CMakeFiles/CMakeTmp'
Building C object CMakeFiles/cmTC_6f6c3.dir/CheckFunctionExists.c.o
/usr/lib/ccache/cc   -DCHECK_FUNCTION_EXISTS=pthread_create   -o CMakeFiles/cmTC_6f6c3.dir/CheckFunctionExists.c.o   -c /usr/share/cmake-3.16/Modules/CheckFunctionExists.c
Linking C executable cmTC_6f6c3
/usr/bin/cmake -E cmake_link_script CMakeFiles/cmTC_6f6c3.dir/link.txt --verbose=1
/usr/lib/ccache/cc  -DCHECK_FUNCTION_EXISTS=pthread_create    -rdynamic CMakeFiles/cmTC_6f6c3.dir/CheckFunctionExists.c.o  -o cmTC_6f6c3  -lpthreads 
/usr/bin/ld: cannot find -lpthreads
collect2: error: ld returned 1 exit status
make[1]: *** [CMakeFiles/cmTC_6f6c3.dir/build.make:87: cmTC_6f6c3] Error 1
make[1]: Leaving directory '/home/subho/catkin_w_s/src/dd_stl_stt/build/CMakeFiles/CMakeTmp'
make: *** [Makefile:121: cmTC_6f6c3/fast] Error 2



Performing C SOURCE FILE Test CMAKE_HAVE_LIBC_PTHREAD failed with the following output:
Change Dir: /home/subho/catkin_w_s/src/dd_stl_stt/build/CMakeFiles/CMakeTmp

Run Build Command(s):/usr/bin/make cmTC_40def/fast && /usr/bin/make -f CMakeFiles/cmTC_40def.dir/build.make CMakeFiles/cmTC_40def.dir/build
make[1]: Entering directory '/home/subho/catkin_w_s/src/dd_stl_stt/build/CMakeFiles/CMakeTmp'
Building C object CMakeFiles/cmTC_40def.dir/src.c.o
/usr/lib/ccache/cc   -DCMAKE_HAVE_LIBC_PTHREAD   -o CMakeFiles/cmTC_40def.dir/src.c.o   -c /home/subho/catkin_w_s/src/dd_stl_stt/build/CMakeFiles/CMakeTmp/src.c
Linking C executable cmTC_40def
/usr/bin/cmake -E cmake_link_script CMakeFiles/cmTC_40def.dir/link.txt --verbose=1
/usr/lib/ccache/cc  -DCMAKE_HAVE_LIBC_PTHREAD    -rdynamic CMakeFiles/cmTC_40def.dir/src.c.o  -o cmTC_40def 
/usr/bin/ld: CMakeFiles/cmTC_40def.dir/src.c.o: in function `main':
src.c:(.text+0x48): undefined reference to `pthread_create'
/usr/bin/ld: src.c:(.text+0x50): undefined reference to `pthread_detach'
/usr/bin/ld: src.c:(.text+0x5c): undefined reference to `pthread_join'
collect2: error: ld returned 1 exit status
make[1]: *** [CMakeFiles/cmTC_40def.dir/build.make:87: cmTC_40def] Error 1
make[1]: Leaving directory '/home/subho/catkin_w_s/src/dd_stl_stt/build/CMakeFiles/CMakeTmp'
make: *** [Makefile:121: cmTC_40def/fast] Error 2


Source file was:
#include <pthread.h>

void* test_func(void* data)
{
  return data;
}

int main(void)
{
  pthread_t thread;
  pthread_create(&thread, NULL, test_func, NULL);
  pthread_detach(thread);
  pthread_join(thread, NULL);
  pthread_atfork(NULL, NULL, NULL);
  pthread_exit(NULL);

  return 0;
}

Determining if the function pthread_create exists in the pthreads failed with the following output:
Change Dir: /home/subho/catkin_w_s/src/dd_stl_stt/build/CMakeFiles/CMakeTmp

Run Build Command(s):/usr/bin/make cmTC_20f94/fast && /usr/bin/make -f CMakeFiles/cmTC_20f94.dir/build.make CMakeFiles/cmTC_20f94.dir/build
make[1]: Entering directory '/home/subho/catkin_w_s/src/dd_stl_stt/build/CMakeFiles/CMakeTmp'
Building C object CMakeFiles/cmTC_20f94.dir/CheckFunctionExists.c.o
/usr/lib/ccache/cc   -DCHECK_FUNCTION_EXISTS=pthread_create   -o CMakeFiles/cmTC_20f94.dir/CheckFunctionExists.c.o   -c /usr/share/cmake-3.16/Modules/CheckFunctionExists.c
Linking C executable cmTC_20f94
/usr/bin/cmake -E cmake_link_script CMakeFiles/cmTC_20f94.dir/link.txt --verbose=1
/usr/lib/ccache/cc  -DCHECK_FUNCTION_EXISTS=pthread_create    -rdynamic CMakeFiles/cmTC_20f94.dir/CheckFunctionExists.c.o  -o cmTC_20f94  -lpthreads 
/usr/bin/ld: cannot find -lpthreads
collect2: error: ld returned 1 exit status
make[1]: *** [CMakeFiles/cmTC_20f94.dir/build.make:87: cmTC_20f94] Error 1
make[1]: Leaving directory '/home/subho/catkin_w_s/src/dd_stl_stt/build/CMakeFiles/CMakeTmp'
make: *** [Makefile:121: cmTC_20f94/fast] Error 2



Performing C SOURCE FILE Test CMAKE_HAVE_LIBC_PTHREAD failed with the following output:
Change Dir: /home/subho/catkin_w_s/src/dd_stl_stt/build/CMakeFiles/CMakeTmp

Run Build Command(s):/usr/bin/make cmTC_d9049/fast && /usr/bin/make -f CMakeFiles/cmTC_d9049.dir/build.make CMakeFiles/cmTC_d9049.dir/build
make[1]: Entering directory '/home/subho/catkin_w_s/src/dd_stl_stt/build/CMakeFiles/CMakeTmp'
Building C object CMakeFiles/cmTC_d9049.dir/src.c.o
/usr/lib/ccache/cc   -DCMAKE_HAVE_LIBC_PTHREAD   -o CMakeFiles/cmTC_d9049.dir/src.c.o   -c /home/subho/catkin_w_s/src/dd_stl_stt/build/CMakeFiles/CMakeTmp/src.c
Linking C executable cmTC_d9049
/usr/bin/cmake -E cmake_link_script CMakeFiles/cmTC_d9049.dir/link.txt --verbose=1
/usr/lib/ccache/cc  -DCMAKE_HAVE_LIBC_PTHREAD    -rdynamic CMakeFiles/cmTC_d9049.dir/src.c.o  -o cmTC_d9049 
/usr/bin/ld: CMakeFiles/cmTC_d9049.dir/src.c.o: in function `main':
src.c:(.text+0x48): undefined reference to `pthread_create'
/usr/bin/ld: src.c:(.text+0x50): undefined reference to `pthread_detach'
/usr/bin/ld: src.c:(.text+0x5c): undefined reference to `pthread_join'
collect2: error: ld returned 1 exit status
make[1]: *** [CMakeFiles/cmTC_d9049.dir/build.make:87: cmTC_d9049] Error 1
make[1]: Leaving directory '/home/subho/catkin_w_s/src/dd_stl_stt/build/CMakeFiles/CMakeTmp'
make: *** [Makefile:121: cmTC_d9049/fast] Error 2


Source file was:
#include <pthread.h>

void* test_func(void* data)
{
  return data;
}

int main(void)
{
  pthread_t thread;
  pthread_create(&thread, NULL, test_func, NULL);
  pthread_detach(thread);
  pthread_join(thread, NULL);
  pthread_atfork(NULL, NULL, NULL);
  pthread_exit(NULL);

  return 0;
}

Determining if the function pthread_create exists in the pthreads failed with the following output:
Change Dir: /home/subho/catkin_w_s/src/dd_stl_stt/build/CMakeFiles/CMakeTmp

Run Build Command(s):/usr/bin/make cmTC_7f6d8/fast && /usr/bin/make -f CMakeFiles/cmTC_7f6d8.dir/build.make CMakeFiles/cmTC_7f6d8.dir/build
make[1]: Entering directory '/home/subho/catkin_w_s/src/dd_stl_stt/build/CMakeFiles/CMakeTmp'
Building C object CMakeFiles/cmTC_7f6d8.dir/CheckFunctionExists.c.o
/usr/lib/ccache/cc   -DCHECK_FUNCTION_EXISTS=pthread_create   -o CMakeFiles/cmTC_7f6d8.dir/CheckFunctionExists.c.o   -c /usr/share/cmake-3.16/Modules/CheckFunctionExists.c
Linking C executable cmTC_7f6d8
/usr/bin/cmake -E cmake_link_script CMakeFiles/cmTC_7f6d8.dir/link.txt --verbose=1
/usr/lib/ccache/cc  -DCHECK_FUNCTION_EXISTS=pthread_create    -rdynamic CMakeFiles/cmTC_7f6d8.dir/CheckFunctionExists.c.o  -o cmTC_7f6d8  -lpthreads 
/usr/bin/ld: cannot find -lpthreads
collect2: error: ld returned 1 exit status
make[1]: *** [CMakeFiles/cmTC_7f6d8.dir/build.make:87: cmTC_7f6d8] Error 1
make[1]: Leaving directory '/home/subho/catkin_w_s/src/dd_stl_stt/build/CMakeFiles/CMakeTmp'
make: *** [Makefile:121: cmTC_7f6d8/fast] Error 2



